2016-08-18 10:44:02,297 [Worker-16] INFO  o.e.m.c.i.l.LifecycleMappingFactory - Using org.eclipse.m2e.jdt.JarLifecycleMapping lifecycle mapping for MavenProject: jbr.springjdbc:SpringMySQL:0.0.1-SNAPSHOT @ H:\jbr\GD\GITHUB\spring-framework-jdbc\SpringMySQL\pom.xml.
2016-08-18 10:44:05,836 [Worker-16] INFO  o.e.m.c.i.e.AbstractTransferListenerAdapter - Downloading https://repo.maven.apache.org/maven2/mysql/mysql-connector-java/5.1.9/mysql-connector-java-5.1.9.pom
2016-08-18 10:44:06,235 [Worker-16] INFO  o.e.m.c.i.e.AbstractTransferListenerAdapter - Downloaded https://repo.maven.apache.org/maven2/mysql/mysql-connector-java/5.1.9/mysql-connector-java-5.1.9.pom
2016-08-18 10:44:06,669 [Worker-16] INFO  o.e.m.c.i.e.AbstractTransferListenerAdapter - Downloading https://repo.maven.apache.org/maven2/mysql/mysql-connector-java/5.1.9/mysql-connector-java-5.1.9.jar
2016-08-18 10:44:13,837 [Worker-16] INFO  o.e.m.c.i.e.AbstractTransferListenerAdapter - Downloaded https://repo.maven.apache.org/maven2/mysql/mysql-connector-java/5.1.9/mysql-connector-java-5.1.9.jar
2016-08-18 10:44:19,690 [Worker-16] INFO  o.e.m.j.i.AbstractJavaProjectConfigurator - Adding source folder /SpringMySQL/src/main/java
2016-08-18 10:44:19,691 [Worker-16] INFO  o.e.m.j.i.AbstractJavaProjectConfigurator - Adding resource folder /SpringMySQL/src/main/resources
2016-08-18 10:44:19,761 [Worker-16] INFO  o.e.m.j.i.AbstractJavaProjectConfigurator - Adding source folder /SpringMySQL/src/test/java
2016-08-18 10:44:24,543 [Worker-16] INFO  o.e.m.c.i.p.ProjectConfigurationManager - Imported and configured 1 project(s) in 42 sec
2016-08-18 10:44:28,443 [Worker-13] INFO  o.e.m.c.i.embedder.EclipseLogger - Using 'UTF-8' encoding to copy filtered resources.
2016-08-18 10:44:28,458 [Worker-13] INFO  o.e.m.c.i.embedder.EclipseLogger - Copying 6 resources
2016-08-18 10:44:28,507 [Worker-13] INFO  o.e.m.c.i.embedder.EclipseLogger - Using 'UTF-8' encoding to copy filtered resources.
2016-08-18 10:44:28,507 [Worker-13] INFO  o.e.m.c.i.embedder.EclipseLogger - skip non existing resourceDirectory H:\jbr\GD\GITHUB\spring-framework-jdbc\SpringMySQL\src\test\resources
2016-08-18 10:46:02,610 [Worker-12] INFO  o.e.m.c.i.embedder.EclipseLogger - Using 'UTF-8' encoding to copy filtered resources.
2016-08-18 10:46:02,625 [Worker-12] INFO  o.e.m.c.i.embedder.EclipseLogger - Copying 6 resources
2016-08-18 10:46:02,648 [Worker-12] INFO  o.e.m.c.i.embedder.EclipseLogger - Using 'UTF-8' encoding to copy filtered resources.
2016-08-18 10:46:02,648 [Worker-12] INFO  o.e.m.c.i.embedder.EclipseLogger - skip non existing resourceDirectory H:\jbr\GD\GITHUB\spring-framework-jdbc\SpringMySQL\src\test\resources
2016-08-18 10:46:06,017 [Worker-10] INFO  o.e.m.c.i.embedder.EclipseLogger - Using 'UTF-8' encoding to copy filtered resources.
2016-08-18 10:46:06,019 [Worker-10] INFO  o.e.m.c.i.embedder.EclipseLogger - Copying 6 resources
2016-08-18 10:46:06,046 [Worker-10] INFO  o.e.m.c.i.embedder.EclipseLogger - Using 'UTF-8' encoding to copy filtered resources.
2016-08-18 10:46:06,046 [Worker-10] INFO  o.e.m.c.i.embedder.EclipseLogger - skip non existing resourceDirectory H:\jbr\GD\GITHUB\spring-framework-jdbc\SpringMySQL\src\test\resources
2016-08-18 10:46:20,968 [Worker-8] INFO  o.e.m.c.i.embedder.EclipseLogger - Using 'UTF-8' encoding to copy filtered resources.
2016-08-18 10:46:20,969 [Worker-8] INFO  o.e.m.c.i.embedder.EclipseLogger - Copying 0 resource
2016-08-18 10:46:20,972 [Worker-8] INFO  o.e.m.c.i.embedder.EclipseLogger - Using 'UTF-8' encoding to copy filtered resources.
2016-08-18 10:46:20,973 [Worker-8] INFO  o.e.m.c.i.embedder.EclipseLogger - skip non existing resourceDirectory H:\jbr\GD\GITHUB\spring-framework-jdbc\SpringMySQL\src\test\resources
2016-08-18 10:48:55,663 [Worker-9] INFO  o.e.m.c.i.embedder.EclipseLogger - Using 'UTF-8' encoding to copy filtered resources.
2016-08-18 10:48:55,666 [Worker-9] INFO  o.e.m.c.i.embedder.EclipseLogger - Copying 1 resource
2016-08-18 10:48:55,671 [Worker-9] INFO  o.e.m.c.i.embedder.EclipseLogger - Using 'UTF-8' encoding to copy filtered resources.
2016-08-18 10:48:55,672 [Worker-9] INFO  o.e.m.c.i.embedder.EclipseLogger - skip non existing resourceDirectory H:\jbr\GD\GITHUB\spring-framework-jdbc\SpringMySQL\src\test\resources
2016-08-18 10:50:28,077 [Worker-15] INFO  o.e.m.c.i.embedder.EclipseLogger - Using 'UTF-8' encoding to copy filtered resources.
2016-08-18 10:50:28,078 [Worker-15] INFO  o.e.m.c.i.embedder.EclipseLogger - Copying 1 resource
2016-08-18 10:50:28,084 [Worker-15] INFO  o.e.m.c.i.embedder.EclipseLogger - Using 'UTF-8' encoding to copy filtered resources.
2016-08-18 10:50:28,084 [Worker-15] INFO  o.e.m.c.i.embedder.EclipseLogger - skip non existing resourceDirectory H:\jbr\GD\GITHUB\spring-framework-jdbc\SpringMySQL\src\test\resources
2016-08-18 10:51:13,023 [Worker-8] INFO  o.e.m.c.i.embedder.EclipseLogger - Using 'UTF-8' encoding to copy filtered resources.
2016-08-18 10:51:13,024 [Worker-8] INFO  o.e.m.c.i.embedder.EclipseLogger - Copying 1 resource
2016-08-18 10:51:13,029 [Worker-8] INFO  o.e.m.c.i.embedder.EclipseLogger - Using 'UTF-8' encoding to copy filtered resources.
2016-08-18 10:51:13,029 [Worker-8] INFO  o.e.m.c.i.embedder.EclipseLogger - skip non existing resourceDirectory H:\jbr\GD\GITHUB\spring-framework-jdbc\SpringMySQL\src\test\resources
2016-08-19 10:04:57,838 [Worker-4] INFO  o.e.m.c.i.l.LifecycleMappingFactory - Using org.eclipse.m2e.jdt.JarLifecycleMapping lifecycle mapping for MavenProject: jbr.springjdbc:SpringMySQL:0.0.1-SNAPSHOT @ H:\jbr\GD\GITHUB\spring-framework-jdbc\SpringMySQL\pom.xml.
2016-08-19 10:05:12,061 [Worker-4] INFO  o.e.m.c.i.embedder.EclipseLogger - Using 'UTF-8' encoding to copy filtered resources.
2016-08-19 10:05:12,066 [Worker-4] INFO  o.e.m.c.i.embedder.EclipseLogger - Copying 6 resources
2016-08-19 10:05:12,252 [Worker-4] INFO  o.e.m.c.i.embedder.EclipseLogger - Using 'UTF-8' encoding to copy filtered resources.
2016-08-19 10:05:12,253 [Worker-4] INFO  o.e.m.c.i.embedder.EclipseLogger - skip non existing resourceDirectory H:\jbr\GD\GITHUB\spring-framework-jdbc\SpringMySQL\src\test\resources
2016-08-19 10:05:14,989 [Worker-5] INFO  o.e.m.c.i.l.LifecycleMappingFactory - Using org.eclipse.m2e.jdt.JarLifecycleMapping lifecycle mapping for MavenProject: jbr.springjdbc:SpringMySQL:0.0.1-SNAPSHOT @ H:\jbr\GD\GITHUB\spring-framework-jdbc\SpringMySQL\pom.xml.
2016-08-19 10:05:20,898 [Worker-23] INFO  o.e.m.c.i.embedder.EclipseLogger - Using 'UTF-8' encoding to copy filtered resources.
2016-08-19 10:05:20,904 [Worker-23] INFO  o.e.m.c.i.embedder.EclipseLogger - Copying 0 resource
2016-08-19 10:05:20,906 [Worker-23] INFO  o.e.m.c.i.embedder.EclipseLogger - Using 'UTF-8' encoding to copy filtered resources.
2016-08-19 10:05:20,907 [Worker-23] INFO  o.e.m.c.i.embedder.EclipseLogger - skip non existing resourceDirectory H:\jbr\GD\GITHUB\spring-framework-jdbc\SpringMySQL\src\test\resources
2016-08-19 10:57:06,904 [Worker-3] INFO  o.e.m.c.i.p.ProjectConfigurationManager - Collecting project info '/pom.xml' H:\jbr\GD\GITHUB\spring-framework-jdbc\SpringJdbcCollege\pom.xml
2016-08-19 10:57:15,459 [Worker-3] INFO  o.e.m.c.i.l.LifecycleMappingFactory - Using org.maven.ide.eclipse.wtp.WarLifecycleMapping lifecycle mapping for MavenProject: jbr.springjdbc:SpringJdbcCollege:0.1 @ H:\jbr\GD\GITHUB\spring-framework-jdbc\SpringJdbcCollege\pom.xml.
2016-08-19 10:57:19,375 [Worker-3] INFO  o.e.m.j.i.AbstractJavaProjectConfigurator - Adding source folder /SpringJdbcCollege/src/main/java
2016-08-19 10:57:19,376 [Worker-3] INFO  o.e.m.j.i.AbstractJavaProjectConfigurator - Adding resource folder /SpringJdbcCollege/src/main/resources
2016-08-19 10:57:19,378 [Worker-3] INFO  o.e.m.j.i.AbstractJavaProjectConfigurator - Adding source folder /SpringJdbcCollege/src/test/java
2016-08-19 10:57:25,154 [Worker-3] INFO  o.e.m.c.i.p.ProjectConfigurationManager - Imported and configured 1 project(s) in 18 sec
2016-08-19 10:57:27,677 [Worker-23] WARN  o.e.m.c.i.embedder.EclipseLogger - Using platform encoding (Cp1252 actually) to copy filtered resources, i.e. build is platform dependent!
2016-08-19 10:57:27,698 [Worker-23] INFO  o.e.m.c.i.embedder.EclipseLogger - Copying 0 resource
2016-08-19 10:57:27,702 [Worker-23] WARN  o.e.m.c.i.embedder.EclipseLogger - Using platform encoding (Cp1252 actually) to copy filtered resources, i.e. build is platform dependent!
2016-08-19 10:57:27,704 [Worker-23] INFO  o.e.m.c.i.embedder.EclipseLogger - skip non existing resourceDirectory H:\jbr\GD\GITHUB\spring-framework-jdbc\SpringJdbcCollege\src\test\resources
2016-08-19 11:02:23,492 [Worker-16] WARN  o.e.m.c.i.embedder.EclipseLogger - Using platform encoding (Cp1252 actually) to copy filtered resources, i.e. build is platform dependent!
2016-08-19 11:02:23,499 [Worker-16] INFO  o.e.m.c.i.embedder.EclipseLogger - Copying 0 resource
2016-08-19 11:02:23,501 [Worker-16] WARN  o.e.m.c.i.embedder.EclipseLogger - Using platform encoding (Cp1252 actually) to copy filtered resources, i.e. build is platform dependent!
2016-08-19 11:02:23,502 [Worker-16] INFO  o.e.m.c.i.embedder.EclipseLogger - skip non existing resourceDirectory H:\jbr\GD\GITHUB\spring-framework-jdbc\SpringJdbcCollege\src\test\resources
2016-08-19 11:22:25,703 [Worker-30] INFO  o.e.m.c.i.l.LifecycleMappingFactory - Using org.maven.ide.eclipse.wtp.WarLifecycleMapping lifecycle mapping for MavenProject: jbr.springjdbc:SpringJdbcCollege:0.1 @ H:\jbr\GD\GITHUB\spring-framework-jdbc\SpringJdbcCollege\pom.xml.
2016-08-19 11:22:27,405 [Worker-30] INFO  o.e.m.c.i.embedder.EclipseLogger - Using 'UTF-8' encoding to copy filtered resources.
2016-08-19 11:22:27,408 [Worker-30] INFO  o.e.m.c.i.embedder.EclipseLogger - Copying 0 resource
2016-08-19 11:22:27,411 [Worker-30] INFO  o.e.m.c.i.embedder.EclipseLogger - Using 'UTF-8' encoding to copy filtered resources.
2016-08-19 11:22:27,411 [Worker-30] INFO  o.e.m.c.i.embedder.EclipseLogger - skip non existing resourceDirectory H:\jbr\GD\GITHUB\spring-framework-jdbc\SpringJdbcCollege\src\test\resources
2016-08-19 11:22:27,419 [Worker-30] INFO  o.e.m.w.i.f.ResourceFilteringBuildParticipant - Changed resources require a complete clean of filtered resources of SpringJdbcCollege
2016-08-19 11:22:27,420 [Worker-30] INFO  o.e.m.w.i.f.ResourceFilteringBuildParticipant - Executing resource filtering for SpringJdbcCollege
2016-08-19 11:22:27,428 [Worker-30] INFO  o.e.m.c.i.embedder.EclipseLogger - Using 'UTF-8' encoding to copy filtered resources.
2016-08-19 11:22:27,710 [Worker-30] INFO  o.e.m.c.i.embedder.EclipseLogger - Using 'UTF-8' encoding to copy filtered resources.
2016-08-19 11:22:27,710 [Worker-30] INFO  o.e.m.c.i.embedder.EclipseLogger - Copying 0 resource
2016-08-19 11:22:27,712 [Worker-30] INFO  o.e.m.c.i.embedder.EclipseLogger - Using 'UTF-8' encoding to copy filtered resources.
2016-08-19 11:22:27,713 [Worker-30] INFO  o.e.m.c.i.embedder.EclipseLogger - skip non existing resourceDirectory H:\jbr\GD\GITHUB\spring-framework-jdbc\SpringJdbcCollege\src\test\resources
2016-08-19 11:23:06,884 [Worker-16] INFO  o.e.m.c.i.l.LifecycleMappingFactory - Using org.maven.ide.eclipse.wtp.WarLifecycleMapping lifecycle mapping for MavenProject: jbr.springjdbc:SpringJdbcCollege:0.1 @ H:\jbr\GD\GITHUB\spring-framework-jdbc\SpringJdbcCollege\pom.xml.
2016-08-19 11:23:07,861 [Worker-16] INFO  o.e.m.c.i.embedder.EclipseLogger - Using 'UTF-8' encoding to copy filtered resources.
2016-08-19 11:23:07,863 [Worker-16] INFO  o.e.m.c.i.embedder.EclipseLogger - Copying 0 resource
2016-08-19 11:23:07,865 [Worker-16] INFO  o.e.m.c.i.embedder.EclipseLogger - Using 'UTF-8' encoding to copy filtered resources.
2016-08-19 11:23:07,866 [Worker-16] INFO  o.e.m.c.i.embedder.EclipseLogger - skip non existing resourceDirectory H:\jbr\GD\GITHUB\spring-framework-jdbc\SpringJdbcCollege\src\test\resources
2016-08-19 11:23:07,866 [Worker-16] INFO  o.e.m.w.i.f.ResourceFilteringBuildParticipant - Changed resources require a complete clean of filtered resources of SpringJdbcCollege
2016-08-19 11:23:07,867 [Worker-16] INFO  o.e.m.w.i.f.ResourceFilteringBuildParticipant - Executing resource filtering for SpringJdbcCollege
2016-08-19 11:23:07,873 [Worker-16] INFO  o.e.m.c.i.embedder.EclipseLogger - Using 'UTF-8' encoding to copy filtered resources.
2016-08-19 11:23:32,166 [Worker-32] INFO  o.e.m.c.i.l.LifecycleMappingFactory - Using org.maven.ide.eclipse.wtp.WarLifecycleMapping lifecycle mapping for MavenProject: jbr.springjdbc:SpringJdbcCollege:0.1 @ H:\jbr\GD\GITHUB\spring-framework-jdbc\SpringJdbcCollege\pom.xml.
2016-08-19 11:23:33,380 [Worker-32] INFO  o.e.m.c.i.embedder.EclipseLogger - Using 'UTF-8' encoding to copy filtered resources.
2016-08-19 11:23:33,389 [Worker-32] INFO  o.e.m.c.i.embedder.EclipseLogger - Copying 0 resource
2016-08-19 11:23:33,401 [Worker-32] INFO  o.e.m.c.i.embedder.EclipseLogger - Using 'UTF-8' encoding to copy filtered resources.
2016-08-19 11:23:33,401 [Worker-32] INFO  o.e.m.c.i.embedder.EclipseLogger - skip non existing resourceDirectory H:\jbr\GD\GITHUB\spring-framework-jdbc\SpringJdbcCollege\src\test\resources
2016-08-19 11:23:33,403 [Worker-32] INFO  o.e.m.w.i.f.ResourceFilteringBuildParticipant - Changed resources require a complete clean of filtered resources of SpringJdbcCollege
2016-08-19 11:23:33,404 [Worker-32] INFO  o.e.m.w.i.f.ResourceFilteringBuildParticipant - Executing resource filtering for SpringJdbcCollege
2016-08-19 11:23:33,429 [Worker-32] INFO  o.e.m.c.i.embedder.EclipseLogger - Using 'UTF-8' encoding to copy filtered resources.
2016-08-19 11:23:59,656 [Worker-16] INFO  o.e.m.c.i.l.LifecycleMappingFactory - Using org.maven.ide.eclipse.wtp.WarLifecycleMapping lifecycle mapping for MavenProject: jbr.springjdbc:SpringJdbcCollege:0.1 @ H:\jbr\GD\GITHUB\spring-framework-jdbc\SpringJdbcCollege\pom.xml.
2016-08-19 11:24:00,475 [Worker-16] INFO  o.e.m.c.i.embedder.EclipseLogger - Using 'UTF-8' encoding to copy filtered resources.
2016-08-19 11:24:00,477 [Worker-16] INFO  o.e.m.c.i.embedder.EclipseLogger - Copying 0 resource
2016-08-19 11:24:00,479 [Worker-16] INFO  o.e.m.c.i.embedder.EclipseLogger - Using 'UTF-8' encoding to copy filtered resources.
2016-08-19 11:24:00,479 [Worker-16] INFO  o.e.m.c.i.embedder.EclipseLogger - skip non existing resourceDirectory H:\jbr\GD\GITHUB\spring-framework-jdbc\SpringJdbcCollege\src\test\resources
2016-08-19 11:24:00,479 [Worker-16] INFO  o.e.m.w.i.f.ResourceFilteringBuildParticipant - Changed resources require a complete clean of filtered resources of SpringJdbcCollege
2016-08-19 11:24:00,479 [Worker-16] INFO  o.e.m.w.i.f.ResourceFilteringBuildParticipant - Executing resource filtering for SpringJdbcCollege
2016-08-19 11:24:00,484 [Worker-16] INFO  o.e.m.c.i.embedder.EclipseLogger - Using 'UTF-8' encoding to copy filtered resources.
2016-08-19 11:24:01,143 [Worker-35] INFO  o.e.m.c.i.embedder.EclipseLogger - Using 'UTF-8' encoding to copy filtered resources.
2016-08-19 11:24:01,144 [Worker-35] INFO  o.e.m.c.i.embedder.EclipseLogger - Copying 0 resource
2016-08-19 11:24:01,147 [Worker-35] INFO  o.e.m.c.i.embedder.EclipseLogger - Using 'UTF-8' encoding to copy filtered resources.
2016-08-19 11:24:01,147 [Worker-35] INFO  o.e.m.c.i.embedder.EclipseLogger - skip non existing resourceDirectory H:\jbr\GD\GITHUB\spring-framework-jdbc\SpringJdbcCollege\src\test\resources
2016-08-19 11:24:25,259 [Worker-36] INFO  o.e.m.c.i.embedder.EclipseLogger - Using 'UTF-8' encoding to copy filtered resources.
2016-08-19 11:24:25,259 [Worker-36] INFO  o.e.m.c.i.embedder.EclipseLogger - Copying 0 resource
2016-08-19 11:24:25,261 [Worker-36] INFO  o.e.m.c.i.embedder.EclipseLogger - Using 'UTF-8' encoding to copy filtered resources.
2016-08-19 11:24:25,262 [Worker-36] INFO  o.e.m.c.i.embedder.EclipseLogger - skip non existing resourceDirectory H:\jbr\GD\GITHUB\spring-framework-jdbc\SpringJdbcCollege\src\test\resources
2016-08-19 11:25:05,235 [Worker-16] INFO  o.e.m.c.i.embedder.EclipseLogger - Using 'UTF-8' encoding to copy filtered resources.
2016-08-19 11:25:05,247 [Worker-16] INFO  o.e.m.c.i.embedder.EclipseLogger - Copying 0 resource
2016-08-19 11:25:05,250 [Worker-16] INFO  o.e.m.c.i.embedder.EclipseLogger - Using 'UTF-8' encoding to copy filtered resources.
2016-08-19 11:25:05,251 [Worker-16] INFO  o.e.m.c.i.embedder.EclipseLogger - skip non existing resourceDirectory H:\jbr\GD\GITHUB\spring-framework-jdbc\SpringJdbcCollege\src\test\resources
2016-08-19 11:25:54,123 [Worker-35] INFO  o.e.m.c.i.embedder.EclipseLogger - Using 'UTF-8' encoding to copy filtered resources.
2016-08-19 11:25:54,124 [Worker-35] INFO  o.e.m.c.i.embedder.EclipseLogger - Copying 1 resource
2016-08-19 11:25:54,141 [Worker-35] INFO  o.e.m.c.i.embedder.EclipseLogger - Using 'UTF-8' encoding to copy filtered resources.
2016-08-19 11:25:54,141 [Worker-35] INFO  o.e.m.c.i.embedder.EclipseLogger - skip non existing resourceDirectory H:\jbr\GD\GITHUB\spring-framework-jdbc\SpringJdbcCollege\src\test\resources
2016-08-19 11:26:04,106 [Worker-36] INFO  o.e.m.c.i.embedder.EclipseLogger - Using 'UTF-8' encoding to copy filtered resources.
2016-08-19 11:26:04,108 [Worker-36] INFO  o.e.m.c.i.embedder.EclipseLogger - Copying 1 resource
2016-08-19 11:26:04,114 [Worker-36] INFO  o.e.m.c.i.embedder.EclipseLogger - Using 'UTF-8' encoding to copy filtered resources.
2016-08-19 11:26:04,115 [Worker-36] INFO  o.e.m.c.i.embedder.EclipseLogger - skip non existing resourceDirectory H:\jbr\GD\GITHUB\spring-framework-jdbc\SpringJdbcCollege\src\test\resources
2016-08-19 11:29:02,324 [Worker-32] INFO  o.e.m.c.i.embedder.EclipseLogger - Using 'UTF-8' encoding to copy filtered resources.
2016-08-19 11:29:02,325 [Worker-32] INFO  o.e.m.c.i.embedder.EclipseLogger - Copying 1 resource
2016-08-19 11:29:02,332 [Worker-32] INFO  o.e.m.c.i.embedder.EclipseLogger - Using 'UTF-8' encoding to copy filtered resources.
2016-08-19 11:29:02,332 [Worker-32] INFO  o.e.m.c.i.embedder.EclipseLogger - skip non existing resourceDirectory H:\jbr\GD\GITHUB\spring-framework-jdbc\SpringJdbcCollege\src\test\resources
2016-08-19 11:30:35,991 [Worker-42] INFO  o.e.m.c.i.embedder.EclipseLogger - Using 'UTF-8' encoding to copy filtered resources.
2016-08-19 11:30:35,992 [Worker-42] INFO  o.e.m.c.i.embedder.EclipseLogger - Copying 1 resource
2016-08-19 11:30:35,999 [Worker-42] INFO  o.e.m.c.i.embedder.EclipseLogger - Using 'UTF-8' encoding to copy filtered resources.
2016-08-19 11:30:35,999 [Worker-42] INFO  o.e.m.c.i.embedder.EclipseLogger - skip non existing resourceDirectory H:\jbr\GD\GITHUB\spring-framework-jdbc\SpringJdbcCollege\src\test\resources
2016-08-19 11:31:00,098 [Worker-39] INFO  o.e.m.c.i.embedder.EclipseLogger - Using 'UTF-8' encoding to copy filtered resources.
2016-08-19 11:31:00,099 [Worker-39] INFO  o.e.m.c.i.embedder.EclipseLogger - Copying 1 resource
2016-08-19 11:31:00,107 [Worker-39] INFO  o.e.m.c.i.embedder.EclipseLogger - Using 'UTF-8' encoding to copy filtered resources.
2016-08-19 11:31:00,108 [Worker-39] INFO  o.e.m.c.i.embedder.EclipseLogger - skip non existing resourceDirectory H:\jbr\GD\GITHUB\spring-framework-jdbc\SpringJdbcCollege\src\test\resources
2016-08-19 11:31:22,730 [Worker-44] INFO  o.e.m.c.i.embedder.EclipseLogger - Using 'UTF-8' encoding to copy filtered resources.
2016-08-19 11:31:22,731 [Worker-44] INFO  o.e.m.c.i.embedder.EclipseLogger - Copying 1 resource
2016-08-19 11:31:22,737 [Worker-44] INFO  o.e.m.c.i.embedder.EclipseLogger - Using 'UTF-8' encoding to copy filtered resources.
2016-08-19 11:31:22,738 [Worker-44] INFO  o.e.m.c.i.embedder.EclipseLogger - skip non existing resourceDirectory H:\jbr\GD\GITHUB\spring-framework-jdbc\SpringJdbcCollege\src\test\resources
2016-08-19 11:31:53,214 [Worker-43] INFO  o.e.m.c.i.embedder.EclipseLogger - Using 'UTF-8' encoding to copy filtered resources.
2016-08-19 11:31:53,215 [Worker-43] INFO  o.e.m.c.i.embedder.EclipseLogger - Copying 1 resource
2016-08-19 11:31:53,221 [Worker-43] INFO  o.e.m.c.i.embedder.EclipseLogger - Using 'UTF-8' encoding to copy filtered resources.
2016-08-19 11:31:53,221 [Worker-43] INFO  o.e.m.c.i.embedder.EclipseLogger - skip non existing resourceDirectory H:\jbr\GD\GITHUB\spring-framework-jdbc\SpringJdbcCollege\src\test\resources
2016-08-19 11:32:01,348 [Worker-46] INFO  o.e.m.c.i.embedder.EclipseLogger - Using 'UTF-8' encoding to copy filtered resources.
2016-08-19 11:32:01,348 [Worker-46] INFO  o.e.m.c.i.embedder.EclipseLogger - Copying 1 resource
2016-08-19 11:32:01,351 [Worker-46] INFO  o.e.m.c.i.embedder.EclipseLogger - Using 'UTF-8' encoding to copy filtered resources.
2016-08-19 11:32:01,351 [Worker-46] INFO  o.e.m.c.i.embedder.EclipseLogger - skip non existing resourceDirectory H:\jbr\GD\GITHUB\spring-framework-jdbc\SpringJdbcCollege\src\test\resources
2016-08-19 11:32:42,516 [Worker-46] INFO  o.e.m.c.i.embedder.EclipseLogger - Using 'UTF-8' encoding to copy filtered resources.
2016-08-19 11:32:42,516 [Worker-46] INFO  o.e.m.c.i.embedder.EclipseLogger - Copying 1 resource
2016-08-19 11:32:42,522 [Worker-46] INFO  o.e.m.c.i.embedder.EclipseLogger - Using 'UTF-8' encoding to copy filtered resources.
2016-08-19 11:32:42,523 [Worker-46] INFO  o.e.m.c.i.embedder.EclipseLogger - skip non existing resourceDirectory H:\jbr\GD\GITHUB\spring-framework-jdbc\SpringJdbcCollege\src\test\resources
2016-08-19 11:32:47,404 [Worker-33] INFO  o.e.m.c.i.embedder.EclipseLogger - Using 'UTF-8' encoding to copy filtered resources.
2016-08-19 11:32:47,405 [Worker-33] INFO  o.e.m.c.i.embedder.EclipseLogger - Copying 1 resource
2016-08-19 11:32:47,410 [Worker-33] INFO  o.e.m.c.i.embedder.EclipseLogger - Using 'UTF-8' encoding to copy filtered resources.
2016-08-19 11:32:47,411 [Worker-33] INFO  o.e.m.c.i.embedder.EclipseLogger - skip non existing resourceDirectory H:\jbr\GD\GITHUB\spring-framework-jdbc\SpringJdbcCollege\src\test\resources
2016-08-19 11:33:32,100 [Worker-45] INFO  o.e.m.c.i.embedder.EclipseLogger - Using 'UTF-8' encoding to copy filtered resources.
2016-08-19 11:33:32,101 [Worker-45] INFO  o.e.m.c.i.embedder.EclipseLogger - Copying 1 resource
2016-08-19 11:33:32,105 [Worker-45] INFO  o.e.m.c.i.embedder.EclipseLogger - Using 'UTF-8' encoding to copy filtered resources.
2016-08-19 11:33:32,106 [Worker-45] INFO  o.e.m.c.i.embedder.EclipseLogger - skip non existing resourceDirectory H:\jbr\GD\GITHUB\spring-framework-jdbc\SpringJdbcCollege\src\test\resources
2016-08-19 11:35:17,374 [Worker-33] INFO  o.e.m.c.i.embedder.EclipseLogger - Using 'UTF-8' encoding to copy filtered resources.
2016-08-19 11:35:17,375 [Worker-33] INFO  o.e.m.c.i.embedder.EclipseLogger - Copying 1 resource
2016-08-19 11:35:17,381 [Worker-33] INFO  o.e.m.c.i.embedder.EclipseLogger - Using 'UTF-8' encoding to copy filtered resources.
2016-08-19 11:35:17,382 [Worker-33] INFO  o.e.m.c.i.embedder.EclipseLogger - skip non existing resourceDirectory H:\jbr\GD\GITHUB\spring-framework-jdbc\SpringJdbcCollege\src\test\resources
2016-08-19 11:37:01,659 [Worker-42] INFO  o.e.m.c.i.embedder.EclipseLogger - Using 'UTF-8' encoding to copy filtered resources.
2016-08-19 11:37:01,659 [Worker-42] INFO  o.e.m.c.i.embedder.EclipseLogger - Copying 1 resource
2016-08-19 11:37:01,664 [Worker-42] INFO  o.e.m.c.i.embedder.EclipseLogger - Using 'UTF-8' encoding to copy filtered resources.
2016-08-19 11:37:01,664 [Worker-42] INFO  o.e.m.c.i.embedder.EclipseLogger - skip non existing resourceDirectory H:\jbr\GD\GITHUB\spring-framework-jdbc\SpringJdbcCollege\src\test\resources
2016-08-19 11:37:17,495 [Worker-48] INFO  o.e.m.c.i.embedder.EclipseLogger - Using 'UTF-8' encoding to copy filtered resources.
2016-08-19 11:37:17,496 [Worker-48] INFO  o.e.m.c.i.embedder.EclipseLogger - Copying 1 resource
2016-08-19 11:37:17,503 [Worker-48] INFO  o.e.m.c.i.embedder.EclipseLogger - Using 'UTF-8' encoding to copy filtered resources.
2016-08-19 11:37:17,503 [Worker-48] INFO  o.e.m.c.i.embedder.EclipseLogger - skip non existing resourceDirectory H:\jbr\GD\GITHUB\spring-framework-jdbc\SpringJdbcCollege\src\test\resources
2016-08-19 11:37:20,407 [Worker-42] INFO  o.e.m.c.i.embedder.EclipseLogger - Using 'UTF-8' encoding to copy filtered resources.
2016-08-19 11:37:20,408 [Worker-42] INFO  o.e.m.c.i.embedder.EclipseLogger - Copying 1 resource
2016-08-19 11:37:20,411 [Worker-42] INFO  o.e.m.c.i.embedder.EclipseLogger - Using 'UTF-8' encoding to copy filtered resources.
2016-08-19 11:37:20,411 [Worker-42] INFO  o.e.m.c.i.embedder.EclipseLogger - skip non existing resourceDirectory H:\jbr\GD\GITHUB\spring-framework-jdbc\SpringJdbcCollege\src\test\resources
2016-08-19 11:37:38,947 [Worker-51] INFO  o.e.m.c.i.embedder.EclipseLogger - Using 'UTF-8' encoding to copy filtered resources.
2016-08-19 11:37:38,947 [Worker-51] INFO  o.e.m.c.i.embedder.EclipseLogger - Copying 1 resource
2016-08-19 11:37:38,951 [Worker-51] INFO  o.e.m.c.i.embedder.EclipseLogger - Using 'UTF-8' encoding to copy filtered resources.
2016-08-19 11:37:38,952 [Worker-51] INFO  o.e.m.c.i.embedder.EclipseLogger - skip non existing resourceDirectory H:\jbr\GD\GITHUB\spring-framework-jdbc\SpringJdbcCollege\src\test\resources
2016-08-19 11:37:41,091 [Worker-43] INFO  o.e.m.c.i.embedder.EclipseLogger - Using 'UTF-8' encoding to copy filtered resources.
2016-08-19 11:37:41,092 [Worker-43] INFO  o.e.m.c.i.embedder.EclipseLogger - Copying 1 resource
2016-08-19 11:37:41,098 [Worker-43] INFO  o.e.m.c.i.embedder.EclipseLogger - Using 'UTF-8' encoding to copy filtered resources.
2016-08-19 11:37:41,099 [Worker-43] INFO  o.e.m.c.i.embedder.EclipseLogger - skip non existing resourceDirectory H:\jbr\GD\GITHUB\spring-framework-jdbc\SpringJdbcCollege\src\test\resources
2016-08-19 11:39:44,653 [Worker-53] INFO  o.e.m.c.i.embedder.EclipseLogger - Using 'UTF-8' encoding to copy filtered resources.
2016-08-19 11:39:44,654 [Worker-53] INFO  o.e.m.c.i.embedder.EclipseLogger - Copying 1 resource
2016-08-19 11:39:44,663 [Worker-53] INFO  o.e.m.c.i.embedder.EclipseLogger - Using 'UTF-8' encoding to copy filtered resources.
2016-08-19 11:39:44,663 [Worker-53] INFO  o.e.m.c.i.embedder.EclipseLogger - skip non existing resourceDirectory H:\jbr\GD\GITHUB\spring-framework-jdbc\SpringJdbcCollege\src\test\resources
2016-08-19 11:40:50,558 [Worker-49] INFO  o.e.m.c.i.embedder.EclipseLogger - Using 'UTF-8' encoding to copy filtered resources.
2016-08-19 11:40:50,559 [Worker-49] INFO  o.e.m.c.i.embedder.EclipseLogger - Copying 1 resource
2016-08-19 11:40:50,563 [Worker-49] INFO  o.e.m.c.i.embedder.EclipseLogger - Using 'UTF-8' encoding to copy filtered resources.
2016-08-19 11:40:50,563 [Worker-49] INFO  o.e.m.c.i.embedder.EclipseLogger - skip non existing resourceDirectory H:\jbr\GD\GITHUB\spring-framework-jdbc\SpringJdbcCollege\src\test\resources
2016-08-19 11:41:22,068 [Worker-56] INFO  o.e.m.c.i.embedder.EclipseLogger - Using 'UTF-8' encoding to copy filtered resources.
2016-08-19 11:41:22,068 [Worker-56] INFO  o.e.m.c.i.embedder.EclipseLogger - Copying 1 resource
2016-08-19 11:41:22,074 [Worker-56] INFO  o.e.m.c.i.embedder.EclipseLogger - Using 'UTF-8' encoding to copy filtered resources.
2016-08-19 11:41:22,075 [Worker-56] INFO  o.e.m.c.i.embedder.EclipseLogger - skip non existing resourceDirectory H:\jbr\GD\GITHUB\spring-framework-jdbc\SpringJdbcCollege\src\test\resources
2016-08-19 11:41:31,546 [Worker-48] INFO  o.e.m.c.i.embedder.EclipseLogger - Using 'UTF-8' encoding to copy filtered resources.
2016-08-19 11:41:31,547 [Worker-48] INFO  o.e.m.c.i.embedder.EclipseLogger - Copying 1 resource
2016-08-19 11:41:31,550 [Worker-48] INFO  o.e.m.c.i.embedder.EclipseLogger - Using 'UTF-8' encoding to copy filtered resources.
2016-08-19 11:41:31,550 [Worker-48] INFO  o.e.m.c.i.embedder.EclipseLogger - skip non existing resourceDirectory H:\jbr\GD\GITHUB\spring-framework-jdbc\SpringJdbcCollege\src\test\resources
2016-08-19 11:41:41,213 [Worker-43] INFO  o.e.m.c.i.embedder.EclipseLogger - Using 'UTF-8' encoding to copy filtered resources.
2016-08-19 11:41:41,214 [Worker-43] INFO  o.e.m.c.i.embedder.EclipseLogger - Copying 1 resource
2016-08-19 11:41:41,219 [Worker-43] INFO  o.e.m.c.i.embedder.EclipseLogger - Using 'UTF-8' encoding to copy filtered resources.
2016-08-19 11:41:41,220 [Worker-43] INFO  o.e.m.c.i.embedder.EclipseLogger - skip non existing resourceDirectory H:\jbr\GD\GITHUB\spring-framework-jdbc\SpringJdbcCollege\src\test\resources
2016-08-19 11:42:01,037 [Worker-51] INFO  o.e.m.c.i.embedder.EclipseLogger - Using 'UTF-8' encoding to copy filtered resources.
2016-08-19 11:42:01,039 [Worker-51] INFO  o.e.m.c.i.embedder.EclipseLogger - Copying 1 resource
2016-08-19 11:42:01,043 [Worker-51] INFO  o.e.m.c.i.embedder.EclipseLogger - Using 'UTF-8' encoding to copy filtered resources.
2016-08-19 11:42:01,044 [Worker-51] INFO  o.e.m.c.i.embedder.EclipseLogger - skip non existing resourceDirectory H:\jbr\GD\GITHUB\spring-framework-jdbc\SpringJdbcCollege\src\test\resources
2016-08-19 11:42:07,374 [Worker-51] INFO  o.e.m.c.i.embedder.EclipseLogger - Using 'UTF-8' encoding to copy filtered resources.
2016-08-19 11:42:07,375 [Worker-51] INFO  o.e.m.c.i.embedder.EclipseLogger - Copying 1 resource
2016-08-19 11:42:07,377 [Worker-51] INFO  o.e.m.c.i.embedder.EclipseLogger - Using 'UTF-8' encoding to copy filtered resources.
2016-08-19 11:42:07,377 [Worker-51] INFO  o.e.m.c.i.embedder.EclipseLogger - skip non existing resourceDirectory H:\jbr\GD\GITHUB\spring-framework-jdbc\SpringJdbcCollege\src\test\resources
2016-08-19 11:42:19,025 [Worker-55] INFO  o.e.m.c.i.embedder.EclipseLogger - Using 'UTF-8' encoding to copy filtered resources.
2016-08-19 11:42:19,026 [Worker-55] INFO  o.e.m.c.i.embedder.EclipseLogger - Copying 1 resource
2016-08-19 11:42:19,033 [Worker-55] INFO  o.e.m.c.i.embedder.EclipseLogger - Using 'UTF-8' encoding to copy filtered resources.
2016-08-19 11:42:19,034 [Worker-55] INFO  o.e.m.c.i.embedder.EclipseLogger - skip non existing resourceDirectory H:\jbr\GD\GITHUB\spring-framework-jdbc\SpringJdbcCollege\src\test\resources
2016-08-19 11:42:30,985 [Worker-48] INFO  o.e.m.c.i.embedder.EclipseLogger - Using 'UTF-8' encoding to copy filtered resources.
2016-08-19 11:42:30,986 [Worker-48] INFO  o.e.m.c.i.embedder.EclipseLogger - Copying 1 resource
2016-08-19 11:42:30,996 [Worker-48] INFO  o.e.m.c.i.embedder.EclipseLogger - Using 'UTF-8' encoding to copy filtered resources.
2016-08-19 11:42:30,996 [Worker-48] INFO  o.e.m.c.i.embedder.EclipseLogger - skip non existing resourceDirectory H:\jbr\GD\GITHUB\spring-framework-jdbc\SpringJdbcCollege\src\test\resources
2016-08-19 11:42:34,041 [Worker-56] INFO  o.e.m.c.i.embedder.EclipseLogger - Using 'UTF-8' encoding to copy filtered resources.
2016-08-19 11:42:34,042 [Worker-56] INFO  o.e.m.c.i.embedder.EclipseLogger - Copying 1 resource
2016-08-19 11:42:34,051 [Worker-56] INFO  o.e.m.c.i.embedder.EclipseLogger - Using 'UTF-8' encoding to copy filtered resources.
2016-08-19 11:42:34,051 [Worker-56] INFO  o.e.m.c.i.embedder.EclipseLogger - skip non existing resourceDirectory H:\jbr\GD\GITHUB\spring-framework-jdbc\SpringJdbcCollege\src\test\resources
2016-08-19 11:42:36,253 [Worker-54] INFO  o.e.m.c.i.embedder.EclipseLogger - Using 'UTF-8' encoding to copy filtered resources.
2016-08-19 11:42:36,255 [Worker-54] INFO  o.e.m.c.i.embedder.EclipseLogger - Copying 1 resource
2016-08-19 11:42:36,265 [Worker-54] INFO  o.e.m.c.i.embedder.EclipseLogger - Using 'UTF-8' encoding to copy filtered resources.
2016-08-19 11:42:36,265 [Worker-54] INFO  o.e.m.c.i.embedder.EclipseLogger - skip non existing resourceDirectory H:\jbr\GD\GITHUB\spring-framework-jdbc\SpringJdbcCollege\src\test\resources
2016-08-19 11:42:56,143 [Worker-56] INFO  o.e.m.c.i.embedder.EclipseLogger - Using 'UTF-8' encoding to copy filtered resources.
2016-08-19 11:42:56,143 [Worker-56] INFO  o.e.m.c.i.embedder.EclipseLogger - Copying 1 resource
2016-08-19 11:42:56,147 [Worker-56] INFO  o.e.m.c.i.embedder.EclipseLogger - Using 'UTF-8' encoding to copy filtered resources.
2016-08-19 11:42:56,147 [Worker-56] INFO  o.e.m.c.i.embedder.EclipseLogger - skip non existing resourceDirectory H:\jbr\GD\GITHUB\spring-framework-jdbc\SpringJdbcCollege\src\test\resources
2016-08-19 11:43:18,793 [Worker-51] INFO  o.e.m.c.i.embedder.EclipseLogger - Using 'UTF-8' encoding to copy filtered resources.
2016-08-19 11:43:18,794 [Worker-51] INFO  o.e.m.c.i.embedder.EclipseLogger - Copying 1 resource
2016-08-19 11:43:18,800 [Worker-51] INFO  o.e.m.c.i.embedder.EclipseLogger - Using 'UTF-8' encoding to copy filtered resources.
2016-08-19 11:43:18,801 [Worker-51] INFO  o.e.m.c.i.embedder.EclipseLogger - skip non existing resourceDirectory H:\jbr\GD\GITHUB\spring-framework-jdbc\SpringJdbcCollege\src\test\resources
2016-08-19 11:43:23,478 [Worker-43] INFO  o.e.m.c.i.embedder.EclipseLogger - Using 'UTF-8' encoding to copy filtered resources.
2016-08-19 11:43:23,479 [Worker-43] INFO  o.e.m.c.i.embedder.EclipseLogger - Copying 1 resource
2016-08-19 11:43:23,487 [Worker-43] INFO  o.e.m.c.i.embedder.EclipseLogger - Using 'UTF-8' encoding to copy filtered resources.
2016-08-19 11:43:23,488 [Worker-43] INFO  o.e.m.c.i.embedder.EclipseLogger - skip non existing resourceDirectory H:\jbr\GD\GITHUB\spring-framework-jdbc\SpringJdbcCollege\src\test\resources
2016-08-19 11:44:15,814 [Worker-48] INFO  o.e.m.c.i.embedder.EclipseLogger - Using 'UTF-8' encoding to copy filtered resources.
2016-08-19 11:44:15,815 [Worker-48] INFO  o.e.m.c.i.embedder.EclipseLogger - Copying 1 resource
2016-08-19 11:44:15,820 [Worker-48] INFO  o.e.m.c.i.embedder.EclipseLogger - Using 'UTF-8' encoding to copy filtered resources.
2016-08-19 11:44:15,821 [Worker-48] INFO  o.e.m.c.i.embedder.EclipseLogger - skip non existing resourceDirectory H:\jbr\GD\GITHUB\spring-framework-jdbc\SpringJdbcCollege\src\test\resources
2016-08-19 11:49:26,825 [Worker-59] INFO  o.e.m.c.i.embedder.EclipseLogger - Using 'UTF-8' encoding to copy filtered resources.
2016-08-19 11:49:26,826 [Worker-59] INFO  o.e.m.c.i.embedder.EclipseLogger - Copying 1 resource
2016-08-19 11:49:26,833 [Worker-59] INFO  o.e.m.c.i.embedder.EclipseLogger - Using 'UTF-8' encoding to copy filtered resources.
2016-08-19 11:49:26,834 [Worker-59] INFO  o.e.m.c.i.embedder.EclipseLogger - skip non existing resourceDirectory H:\jbr\GD\GITHUB\spring-framework-jdbc\SpringJdbcCollege\src\test\resources
2016-08-19 11:49:33,132 [Worker-60] INFO  o.e.m.c.i.embedder.EclipseLogger - Using 'UTF-8' encoding to copy filtered resources.
2016-08-19 11:49:33,133 [Worker-60] INFO  o.e.m.c.i.embedder.EclipseLogger - Copying 1 resource
2016-08-19 11:49:33,139 [Worker-60] INFO  o.e.m.c.i.embedder.EclipseLogger - Using 'UTF-8' encoding to copy filtered resources.
2016-08-19 11:49:33,140 [Worker-60] INFO  o.e.m.c.i.embedder.EclipseLogger - skip non existing resourceDirectory H:\jbr\GD\GITHUB\spring-framework-jdbc\SpringJdbcCollege\src\test\resources
2016-08-19 11:49:54,998 [Worker-55] INFO  o.e.m.c.i.embedder.EclipseLogger - Using 'UTF-8' encoding to copy filtered resources.
2016-08-19 11:49:54,999 [Worker-55] INFO  o.e.m.c.i.embedder.EclipseLogger - Copying 1 resource
2016-08-19 11:49:55,005 [Worker-55] INFO  o.e.m.c.i.embedder.EclipseLogger - Using 'UTF-8' encoding to copy filtered resources.
2016-08-19 11:49:55,005 [Worker-55] INFO  o.e.m.c.i.embedder.EclipseLogger - skip non existing resourceDirectory H:\jbr\GD\GITHUB\spring-framework-jdbc\SpringJdbcCollege\src\test\resources
2016-08-19 11:49:57,899 [Worker-49] INFO  o.e.m.c.i.embedder.EclipseLogger - Using 'UTF-8' encoding to copy filtered resources.
2016-08-19 11:49:57,900 [Worker-49] INFO  o.e.m.c.i.embedder.EclipseLogger - Copying 1 resource
2016-08-19 11:49:57,906 [Worker-49] INFO  o.e.m.c.i.embedder.EclipseLogger - Using 'UTF-8' encoding to copy filtered resources.
2016-08-19 11:49:57,906 [Worker-49] INFO  o.e.m.c.i.embedder.EclipseLogger - skip non existing resourceDirectory H:\jbr\GD\GITHUB\spring-framework-jdbc\SpringJdbcCollege\src\test\resources
2016-08-19 11:50:02,499 [Worker-60] INFO  o.e.m.c.i.embedder.EclipseLogger - Using 'UTF-8' encoding to copy filtered resources.
2016-08-19 11:50:02,500 [Worker-60] INFO  o.e.m.c.i.embedder.EclipseLogger - Copying 1 resource
2016-08-19 11:50:02,506 [Worker-60] INFO  o.e.m.c.i.embedder.EclipseLogger - Using 'UTF-8' encoding to copy filtered resources.
2016-08-19 11:50:02,507 [Worker-60] INFO  o.e.m.c.i.embedder.EclipseLogger - skip non existing resourceDirectory H:\jbr\GD\GITHUB\spring-framework-jdbc\SpringJdbcCollege\src\test\resources
2016-08-19 11:50:08,549 [Worker-55] INFO  o.e.m.c.i.embedder.EclipseLogger - Using 'UTF-8' encoding to copy filtered resources.
2016-08-19 11:50:08,550 [Worker-55] INFO  o.e.m.c.i.embedder.EclipseLogger - Copying 1 resource
2016-08-19 11:50:08,556 [Worker-55] INFO  o.e.m.c.i.embedder.EclipseLogger - Using 'UTF-8' encoding to copy filtered resources.
2016-08-19 11:50:08,556 [Worker-55] INFO  o.e.m.c.i.embedder.EclipseLogger - skip non existing resourceDirectory H:\jbr\GD\GITHUB\spring-framework-jdbc\SpringJdbcCollege\src\test\resources
2016-08-19 11:50:36,303 [Worker-53] INFO  o.e.m.c.i.embedder.EclipseLogger - Using 'UTF-8' encoding to copy filtered resources.
2016-08-19 11:50:36,304 [Worker-53] INFO  o.e.m.c.i.embedder.EclipseLogger - Copying 1 resource
2016-08-19 11:50:36,310 [Worker-53] INFO  o.e.m.c.i.embedder.EclipseLogger - Using 'UTF-8' encoding to copy filtered resources.
2016-08-19 11:50:36,310 [Worker-53] INFO  o.e.m.c.i.embedder.EclipseLogger - skip non existing resourceDirectory H:\jbr\GD\GITHUB\spring-framework-jdbc\SpringJdbcCollege\src\test\resources
2016-08-19 11:50:39,428 [Worker-60] INFO  o.e.m.c.i.embedder.EclipseLogger - Using 'UTF-8' encoding to copy filtered resources.
2016-08-19 11:50:39,428 [Worker-60] INFO  o.e.m.c.i.embedder.EclipseLogger - Copying 1 resource
2016-08-19 11:50:39,432 [Worker-60] INFO  o.e.m.c.i.embedder.EclipseLogger - Using 'UTF-8' encoding to copy filtered resources.
2016-08-19 11:50:39,432 [Worker-60] INFO  o.e.m.c.i.embedder.EclipseLogger - skip non existing resourceDirectory H:\jbr\GD\GITHUB\spring-framework-jdbc\SpringJdbcCollege\src\test\resources
2016-08-19 11:50:45,801 [Worker-59] INFO  o.e.m.c.i.embedder.EclipseLogger - Using 'UTF-8' encoding to copy filtered resources.
2016-08-19 11:50:45,802 [Worker-59] INFO  o.e.m.c.i.embedder.EclipseLogger - Copying 1 resource
2016-08-19 11:50:45,808 [Worker-59] INFO  o.e.m.c.i.embedder.EclipseLogger - Using 'UTF-8' encoding to copy filtered resources.
2016-08-19 11:50:45,808 [Worker-59] INFO  o.e.m.c.i.embedder.EclipseLogger - skip non existing resourceDirectory H:\jbr\GD\GITHUB\spring-framework-jdbc\SpringJdbcCollege\src\test\resources
2016-08-19 11:50:54,041 [Worker-62] INFO  o.e.m.c.i.embedder.EclipseLogger - Using 'UTF-8' encoding to copy filtered resources.
2016-08-19 11:50:54,042 [Worker-62] INFO  o.e.m.c.i.embedder.EclipseLogger - Copying 1 resource
2016-08-19 11:50:54,046 [Worker-62] INFO  o.e.m.c.i.embedder.EclipseLogger - Using 'UTF-8' encoding to copy filtered resources.
2016-08-19 11:50:54,047 [Worker-62] INFO  o.e.m.c.i.embedder.EclipseLogger - skip non existing resourceDirectory H:\jbr\GD\GITHUB\spring-framework-jdbc\SpringJdbcCollege\src\test\resources
2016-08-19 11:50:56,197 [Worker-55] INFO  o.e.m.c.i.embedder.EclipseLogger - Using 'UTF-8' encoding to copy filtered resources.
2016-08-19 11:50:56,197 [Worker-55] INFO  o.e.m.c.i.embedder.EclipseLogger - Copying 1 resource
2016-08-19 11:50:56,201 [Worker-55] INFO  o.e.m.c.i.embedder.EclipseLogger - Using 'UTF-8' encoding to copy filtered resources.
2016-08-19 11:50:56,201 [Worker-55] INFO  o.e.m.c.i.embedder.EclipseLogger - skip non existing resourceDirectory H:\jbr\GD\GITHUB\spring-framework-jdbc\SpringJdbcCollege\src\test\resources
